#30A4 #9E51BCBC 08/07 11:43:06.600 | 11:43:06.600 : ********** FirstEntry **********
#30A4 #AA8005FD 08/07 11:43:06.600 | 11:43:06.600 : Session Uptime (64-bit)=453 | System Uptime (32-bit)=758891734 | System Uptime (64-bit)=758891734
#714C #8C2B8E56 08/07 11:43:06.600 | 11:43:06.600 : ************************ DLLInitialize (64 bit) 4.0.0.24 **************************
#714C #165A5A03 08/07 11:43:06.600 | 11:43:06.600 : AppendLogMachineDiag ThreadID=28544
#30A4 #AED13AED 08/07 11:43:06.600 | 11:43:06.600 : TEventWriter.Execute Started | ThreadID=12452 (#000030A4)
#442C #4FBC2142 08/07 11:43:06.914 | 11:43:06.912 : TDataFeedManager       Handle:3611512
#442C #DBA1396F 08/07 11:43:06.914 | 11:43:06.912 : TInfoClient            Thread:14756 (#000039A4)
#442C #1AC28020 08/07 11:43:06.961 | 11:43:06.959 : TInfoClient            Creation Completed
#442C #B3933221 08/07 11:43:06.969 | 11:43:06.959 : TDataFeedManager       Creation Completed
#442C #B4CA9EF4 08/07 11:43:07.069 | 11:43:07.069 : TFilesThread           Thread:9388 (#000024AC)
#442C #496436B4 08/07 11:43:07.069 | 11:43:07.069 : TFilesThread           Creation Completed
#442C #3FE7FEDB 08/07 11:43:07.106 | 11:43:07.100 : TTickerInfoManager     Handle:858848
#442C #41DF90C4 08/07 11:43:07.097 | 11:43:07.100 : TTickerInfoManager     Creation Completed
#39A4 #8917E83B 08/07 11:43:07.523 | 11:43:07.522 : TPingManager.TestIpv6Connectivity ThreadID=31156
#6B7C #DC86AA7C 08/07 12:04:49.477 | 12:04:49.477 : ********** FirstEntry **********
#6B7C #146B51C4 08/07 12:04:49.477 | 12:04:49.477 : Session Uptime (64-bit)=547 | System Uptime (32-bit)=760194609 | System Uptime (64-bit)=760194609
#6B7C #CB98C432 08/07 12:04:49.477 | 12:04:49.477 : TEventWriter.Execute Started | ThreadID=27516 (#00006B7C)
#7A68 #0878C07A 08/07 12:04:49.477 | 12:04:49.477 : ************************ DLLInitialize (64 bit) 4.0.0.24 **************************
#7A68 #FA190205 08/07 12:04:49.477 | 12:04:49.477 : AppendLogMachineDiag ThreadID=33032
#165C #7A1DA11C 08/07 12:04:50.060 | 12:04:50.055 : TDataFeedManager       Handle:858770
#165C #EB15ECFD 08/07 12:04:50.087 | 12:04:50.086 : TInfoClient            Thread:32540 (#00007F1C)
#165C #AE26FF90 08/07 12:04:50.092 | 12:04:50.086 : TInfoClient            Creation Completed
#165C #4A8F518F 08/07 12:04:50.091 | 12:04:50.086 : TDataFeedManager       Creation Completed
#165C #80D3435B 08/07 12:04:50.437 | 12:04:50.430 : TFilesThread           Thread:7184 (#00001C10)
#165C #E5F96848 08/07 12:04:50.437 | 12:04:50.430 : TFilesThread           Creation Completed
#165C #FB284353 08/07 12:04:50.547 | 12:04:50.539 : TTickerInfoManager     Handle:1579618
#165C #D2669D5F 08/07 12:04:50.535 | 12:04:50.539 : TTickerInfoManager     Creation Completed
#7F1C #49621FB0 08/07 12:04:51.148 | 12:04:51.149 : TPingManager.TestIpv6Connectivity ThreadID=11020
#165C #95CAE458 08/07 12:04:51.226 | 12:04:51.227 : THolidayManager        Creation Completed
#165C #C9EFEFC7 08/07 12:04:51.226 | 12:04:51.227 : THadesClient           Thread:9552 (#00002550)
#165C #A830C7C3 08/07 12:04:51.241 | 12:04:51.243 : THadesClient           Creation Completed
#165C #9C46C65C 08/07 12:04:51.241 | 12:04:51.243 : TTickerInfoRepoManager       Creation Completed
#165C #BBC156E7 08/07 12:04:51.275 | 12:04:51.274 : TBaseDataLoader            Handle:138514
#165C #7FBFA1A3 08/07 12:04:51.303 | 12:04:51.305 : TTickerInfoManager     Handle:138516
#165C #F13DF549 08/07 12:04:51.303 | 12:04:51.305 : TTickerInfoManager     Creation Completed
#165C #E8112153 08/07 12:04:51.303 | 12:04:51.305 : TBaseDataLoader            Creation Completed
#165C #66FBCCD5 08/07 12:04:51.303 | 12:04:51.305 : TCalcDaemon            Thread:16536 (#00004098)
#165C #D2BAF35E 08/07 12:04:51.303 | 12:04:51.305 : THolidayManager        Creation Completed
#165C #BFBF90CC 08/07 12:04:51.303 | 12:04:51.305 : TCalcDaemon            Creation Completed
#165C #567C945F 08/07 12:04:51.303 | 12:04:51.305 : TDataManager           Creation Completed
#4098 #39D17A15 08/07 12:04:51.503 | 12:04:51.508 : TCalcAdjustManager     Creation Started
#4098 #31F129DC 08/07 12:04:51.503 | 12:04:51.508 : TCalcAdjustManager     Creation Completed
#4098 #8C908E43 08/07 12:04:51.503 | 12:04:51.508 : TDataCheckerDaemon     Thread:13660 (#0000355C)
#4098 #934197B7 08/07 12:04:51.503 | 12:04:51.508 : TDataCheckerDaemon     Creation Completed
#4098 #E9B6786E 08/07 12:04:51.553 | 12:04:51.555 : TCalcDataLoader        Handle:72998
#165C #370280B7 08/07 12:04:51.597 | 12:04:51.602 : TRoteamentoManager     Handle:73000
#4098 #55A23C92 08/07 12:04:51.597 | 12:04:51.602 : TCalcTickerInfoManager Handle:73002
#4098 #7FD03941 08/07 12:04:51.597 | 12:04:51.602 : TCalcTickerInfoManager Creation Completed
#4098 #703BDDC6 08/07 12:04:51.597 | 12:04:51.602 : TCalcDataLoader        Creation Completed
#165C #CFC50C02 08/07 12:04:51.659 | 12:04:51.664 : TWalletManager Handle: 73004
#165C #6C3ECCC9 08/07 12:04:51.659 | 12:04:51.664 : TRoteamentoManager     Creation Completed
#165C #F2BB14E4 08/07 12:04:51.691 | 12:04:51.696 : TCopyTradingManager Handle: 73008
#165C #DF40E477 08/07 12:04:51.741 | 12:04:51.743 : TMercuryClient         Thread:9296 (#00002450) ClientIndex:0
#165C #05F12DF0 08/07 12:04:51.756 | 12:04:51.758 : TMercuryClient         Creation Completed ClientIndex:0
#165C #11CBED21 08/07 12:04:51.757 | 12:04:51.758 : TSafeMessageObject.InnerPostMessage : última msg enviada :  CurThreadID=32540 Handle=0 ThreadID=7184 Message=WM_SERVER_FILE_UPDATE
#165C #FD341ADE 08/07 12:04:51.772 | 12:04:51.774 : TSafeMessageObject.InnerPostMessage : primeira mensagem acumulada : WM_VALID_LICENSE
#165C #E7C79681 08/07 12:04:51.773 | 12:04:51.774 : TSafeMessageObject.InnerPostMessage : LastSentMessages:
#165C #07C0540C 08/07 12:04:51.773 | 12:04:51.774 : TSafeMessageObject.InnerPostMessage : Main = WM_NULL
#165C #AE817374 08/07 12:04:51.788 | 12:04:51.789 : TSafeMessageObject.InnerPostMessage : DataLoader = WM_ASSET_LASTCLOSE
#165C #7CB5BE72 08/07 12:04:51.785 | 12:04:51.789 : TSafeMessageObject.InnerPostMessage : CalcDataLoader = WM_NULL
#165C #B2F55AF6 08/07 12:04:51.785 | 12:04:51.789 : TSafeMessageObject.InnerPostMessage : CalcDaemon = WM_ADD_ASSET
#165C #EBC141A7 08/07 12:04:51.785 | 12:04:51.789 : TSafeMessageObject.InnerPostMessage : TradingRoom = WM_NULL
#165C #BD5F021C 08/07 12:04:51.802 | 12:04:51.805 : TSafeMessageObject.InnerPostMessage : OtherHandleID = 5184032
#165C #DC37709D 08/07 12:04:51.802 | 12:04:51.805 : TSafeMessageObject.InnerPostMessage : OtherHandleMsg = WM_NEW_TIMEZONE_FILE
#165C #52A8ED9E 08/07 12:04:51.802 | 12:04:51.805 : TSafeMessageObject.InnerPostMessage : OtherThreadID = 7184
#165C #F145A2EB 08/07 12:04:51.802 | 12:04:51.805 : TSafeMessageObject.InnerPostMessage : OtherThreadMsg = WM_SERVER_FILE_UPDATE
#165C #A4250137 08/07 12:04:51.835 | 12:04:51.836 : TSafeMessageObject.InnerPostMessage (ThreadID=9296) : esvaziamos a lista
#4F78 #FA4C1076 08/07 13:16:34.884 | 13:16:34.883 : ********** FirstEntry **********
#4F78 #88564015 08/07 13:16:34.884 | 13:16:34.883 : Session Uptime (64-bit)=422 | System Uptime (32-bit)=764500015 | System Uptime (64-bit)=764500015
#4F78 #811EB8E5 08/07 13:16:34.884 | 13:16:34.883 : TEventWriter.Execute Started | ThreadID=20344 (#00004F78)
#680C #66614127 08/07 13:16:34.885 | 13:16:34.883 : ************************ DLLInitialize (64 bit) 4.0.0.24 **************************
#680C #95242397 08/07 13:16:34.885 | 13:16:34.883 : AppendLogMachineDiag ThreadID=29096
#6534 #F78AAF28 08/07 13:16:35.763 | 13:16:35.758 : TDataFeedManager       Handle:794076
#6534 #196AF1A0 08/07 13:16:35.770 | 13:16:35.774 : TInfoClient            Thread:17252 (#00004364)
#6534 #45FB8E83 08/07 13:16:35.779 | 13:16:35.774 : TInfoClient            Creation Completed
#6534 #0FFDA668 08/07 13:16:35.801 | 13:16:35.805 : TDataFeedManager       Creation Completed
#6534 #FE76A2A3 08/07 13:16:35.869 | 13:16:35.868 : TFilesThread           Thread:20572 (#0000505C)
#6534 #8023245E 08/07 13:16:35.870 | 13:16:35.868 : TFilesThread           Creation Completed
#6534 #25E49BDD 08/07 13:16:35.897 | 13:16:35.899 : TTickerInfoManager     Handle:335882
#6534 #E5C198D7 08/07 13:16:35.898 | 13:16:35.899 : TTickerInfoManager     Creation Completed
#4364 #B0E6AC2A 08/07 13:16:36.290 | 13:16:36.289 : TPingManager.TestIpv6Connectivity ThreadID=21528
#6534 #BD2F8C4E 08/07 13:16:36.384 | 13:16:36.383 : THolidayManager        Creation Completed
#6534 #A2360470 08/07 13:16:36.387 | 13:16:36.383 : THadesClient           Thread:12452 (#000030A4)
#6534 #32E017CB 08/07 13:16:36.390 | 13:16:36.383 : THadesClient           Creation Completed
#6534 #8CA6E81E 08/07 13:16:36.390 | 13:16:36.383 : TTickerInfoRepoManager       Creation Completed
#6534 #8248B05A 08/07 13:16:36.397 | 13:16:36.399 : TBaseDataLoader            Handle:729114
#6534 #9D07A56E 08/07 13:16:36.405 | 13:16:36.399 : TTickerInfoManager     Handle:467022
#6534 #3B8F8125 08/07 13:16:36.405 | 13:16:36.399 : TTickerInfoManager     Creation Completed
#6534 #6DB7BA84 08/07 13:16:36.414 | 13:16:36.414 : TBaseDataLoader            Creation Completed
#6534 #16983A95 08/07 13:16:36.414 | 13:16:36.414 : TCalcDaemon            Thread:15700 (#00003D54)
#6534 #B4DDF9A0 08/07 13:16:36.414 | 13:16:36.414 : THolidayManager        Creation Completed
#6534 #7883236F 08/07 13:16:36.423 | 13:16:36.414 : TCalcDaemon            Creation Completed
#6534 #5D6FF24D 08/07 13:16:36.423 | 13:16:36.414 : TDataManager           Creation Completed
#3D54 #1E72E945 08/07 13:16:36.476 | 13:16:36.477 : TCalcAdjustManager     Creation Started
#3D54 #A46BF7CA 08/07 13:16:36.476 | 13:16:36.477 : TCalcAdjustManager     Creation Completed
#3D54 #1F5209DE 08/07 13:16:36.476 | 13:16:36.477 : TDataCheckerDaemon     Thread:30868 (#00007894)
#3D54 #ADB267A7 08/07 13:16:36.476 | 13:16:36.477 : TDataCheckerDaemon     Creation Completed
#3D54 #21BF63B9 08/07 13:16:36.491 | 13:16:36.493 : TCalcDataLoader        Handle:925136
#6534 #4F1A4A02 08/07 13:16:36.501 | 13:16:36.493 : TRoteamentoManager     Handle:204938
#3D54 #C4D5FAF1 08/07 13:16:36.493 | 13:16:36.493 : TCalcTickerInfoManager Handle:204940
#3D54 #27947F43 08/07 13:16:36.508 | 13:16:36.508 : TCalcTickerInfoManager Creation Completed
#3D54 #7D307751 08/07 13:16:36.508 | 13:16:36.508 : TCalcDataLoader        Creation Completed
#6534 #40F6A394 08/07 13:16:36.509 | 13:16:36.508 : TWalletManager Handle: 204934
#6534 #F5591D1C 08/07 13:16:36.509 | 13:16:36.508 : TRoteamentoManager     Creation Completed
#6534 #3369AA04 08/07 13:16:36.525 | 13:16:36.524 : TCopyTradingManager Handle: 466854
#6534 #C3D6ACFA 08/07 13:16:36.650 | 13:16:36.649 : TMercuryClient         Thread:11864 (#00002E58) ClientIndex:0
#6534 #4A0A2C97 08/07 13:16:36.653 | 13:16:36.649 : TMercuryClient         Creation Completed ClientIndex:0
#6534 #B14AD142 08/07 13:16:36.658 | 13:16:36.649 : TSafeMessageObject.InnerPostMessage : última msg enviada :  CurThreadID=25908 Handle=794076 ThreadID=0 Message=WM_SERVER_PENDING_REQUEST
#6534 #7136C7BF 08/07 13:16:36.647 | 13:16:36.649 : TSafeMessageObject.InnerPostMessage : primeira mensagem acumulada : WM_VALID_LICENSE
#6534 #40048717 08/07 13:16:36.647 | 13:16:36.649 : TSafeMessageObject.InnerPostMessage : LastSentMessages:
#6534 #58AFCAFC 08/07 13:16:36.647 | 13:16:36.649 : TSafeMessageObject.InnerPostMessage : Main = WM_NULL
#6534 #64ADBE21 08/07 13:16:36.666 | 13:16:36.664 : TSafeMessageObject.InnerPostMessage : DataLoader = WM_QUOTE_SIGNAL
#6534 #EEB96E0D 08/07 13:16:36.666 | 13:16:36.664 : TSafeMessageObject.InnerPostMessage : CalcDataLoader = WM_NULL
#6534 #DDC74E71 08/07 13:16:36.666 | 13:16:36.664 : TSafeMessageObject.InnerPostMessage : CalcDaemon = WM_ADD_ASSET
#6534 #D7F326A9 08/07 13:16:36.666 | 13:16:36.664 : TSafeMessageObject.InnerPostMessage : TradingRoom = WM_NULL
#6534 #02B3BE76 08/07 13:16:36.666 | 13:16:36.664 : TSafeMessageObject.InnerPostMessage : OtherHandleID = 794076
#6534 #BE26911A 08/07 13:16:36.666 | 13:16:36.664 : TSafeMessageObject.InnerPostMessage : OtherHandleMsg = WM_SERVER_PENDING_REQUEST
#6534 #A98443E9 08/07 13:16:36.666 | 13:16:36.664 : TSafeMessageObject.InnerPostMessage : OtherThreadID = 20572
#6534 #DE81CE57 08/07 13:16:36.666 | 13:16:36.664 : TSafeMessageObject.InnerPostMessage : OtherThreadMsg = WM_VERIFY_UPDATE
#6534 #A536E59C 08/07 13:16:36.685 | 13:16:36.680 : TSafeMessageObject.InnerPostMessage (ThreadID=11864) : esvaziamos a lista
#7704 #E7D325D8 08/07 14:17:54.728 | 14:17:54.727 : ********** FirstEntry **********
#7704 #17E7CEB7 08/07 14:17:54.728 | 14:17:54.727 : Session Uptime (64-bit)=438 | System Uptime (32-bit)=768179859 | System Uptime (64-bit)=768179859
#7704 #211F2EF4 08/07 14:17:54.728 | 14:17:54.727 : TEventWriter.Execute Started | ThreadID=30468 (#00007704)
#3284 #9B8B5324 08/07 14:17:54.729 | 14:17:54.727 : ************************ DLLInitialize (64 bit) 4.0.0.24 **************************
#3284 #37BAE360 08/07 14:17:54.729 | 14:17:54.727 : AppendLogMachineDiag ThreadID=12000
#2660 #D474E807 08/07 14:17:55.233 | 14:17:55.227 : TDataFeedManager       Handle:2232530
#2660 #7438339A 08/07 14:17:55.250 | 14:17:55.243 : TInfoClient            Thread:33168 (#00008190)
#2660 #753AD7B1 08/07 14:17:55.257 | 14:17:55.258 : TInfoClient            Creation Completed
#2660 #4450FD0B 08/07 14:17:55.279 | 14:17:55.274 : TDataFeedManager       Creation Completed
#2660 #E09C892D 08/07 14:17:55.421 | 14:17:55.414 : TFilesThread           Thread:25656 (#00006438)
#2660 #57815109 08/07 14:17:55.422 | 14:17:55.414 : TFilesThread           Creation Completed
#2660 #603D93C2 08/07 14:17:55.469 | 14:17:55.461 : TTickerInfoManager     Handle:921776
#2660 #BD60284F 08/07 14:17:55.462 | 14:17:55.461 : TTickerInfoManager     Creation Completed
#8190 #08A064CE 08/07 14:17:55.900 | 14:17:55.899 : TPingManager.TestIpv6Connectivity ThreadID=2572
#2660 #F5559BF5 08/07 14:17:55.945 | 14:17:55.946 : THolidayManager        Creation Completed
#2660 #50B6C1F0 08/07 14:17:55.948 | 14:17:55.946 : THadesClient           Thread:8444 (#000020FC)
#2660 #826B9EDD 08/07 14:17:55.951 | 14:17:55.946 : THadesClient           Creation Completed
#2660 #4E1C5919 08/07 14:17:55.951 | 14:17:55.946 : TTickerInfoRepoManager       Creation Completed
#2660 #C5883C40 08/07 14:17:55.969 | 14:17:55.961 : TBaseDataLoader            Handle:593936
#2660 #2FAF670F 08/07 14:17:55.988 | 14:17:55.993 : TTickerInfoManager     Handle:659578
#2660 #17E3E08C 08/07 14:17:55.988 | 14:17:55.993 : TTickerInfoManager     Creation Completed
#2660 #A6122DB5 08/07 14:17:55.998 | 14:17:55.993 : TBaseDataLoader            Creation Completed
#2660 #EBFC9139 08/07 14:17:55.998 | 14:17:55.993 : TCalcDaemon            Thread:27312 (#00006AB0)
#2660 #084450B4 08/07 14:17:55.998 | 14:17:55.993 : THolidayManager        Creation Completed
#2660 #32807866 08/07 14:17:56.007 | 14:17:56.008 : TCalcDaemon            Creation Completed
#2660 #B6F12F1F 08/07 14:17:56.008 | 14:17:56.008 : TDataManager           Creation Completed
#6AB0 #72B0F70A 08/07 14:17:56.137 | 14:17:56.133 : TCalcAdjustManager     Creation Started
#6AB0 #A223B401 08/07 14:17:56.137 | 14:17:56.133 : TCalcAdjustManager     Creation Completed
#6AB0 #702BC0F9 08/07 14:17:56.138 | 14:17:56.133 : TDataCheckerDaemon     Thread:13176 (#00003378)
#6AB0 #92E59386 08/07 14:17:56.138 | 14:17:56.133 : TDataCheckerDaemon     Creation Completed
#6AB0 #D89514EF 08/07 14:17:56.157 | 14:17:56.149 : TCalcDataLoader        Handle:659598
#6AB0 #B75B09D1 08/07 14:17:56.192 | 14:17:56.196 : TCalcTickerInfoManager Handle:659532
#6AB0 #56A45FD6 08/07 14:17:56.192 | 14:17:56.196 : TCalcTickerInfoManager Creation Completed
#2660 #825EE509 08/07 14:17:56.192 | 14:17:56.196 : TRoteamentoManager     Handle:594078
#6AB0 #E76611CB 08/07 14:17:56.192 | 14:17:56.196 : TCalcDataLoader        Creation Completed
#2660 #3991FAEB 08/07 14:17:56.228 | 14:17:56.227 : TWalletManager Handle: 987184
#2660 #47661208 08/07 14:17:56.228 | 14:17:56.227 : TRoteamentoManager     Creation Completed
#2660 #54C9A86B 08/07 14:17:56.247 | 14:17:56.243 : TCopyTradingManager Handle: 790756
#2660 #FF38F850 08/07 14:17:56.402 | 14:17:56.399 : TMercuryClient         Thread:17516 (#0000446C) ClientIndex:0
#2660 #9C85A3A0 08/07 14:17:56.405 | 14:17:56.399 : TMercuryClient         Creation Completed ClientIndex:0
#2660 #111105F0 08/07 14:17:56.405 | 14:17:56.399 : TSafeMessageObject.InnerPostMessage : última msg enviada :  CurThreadID=9824 Handle=2232530 ThreadID=0 Message=WM_SERVER_PENDING_REQUEST
#2660 #8759F6BA 08/07 14:17:56.405 | 14:17:56.399 : TSafeMessageObject.InnerPostMessage : primeira mensagem acumulada : WM_VALID_LICENSE
#2660 #6AFB2327 08/07 14:17:56.405 | 14:17:56.399 : TSafeMessageObject.InnerPostMessage : LastSentMessages:
#2660 #AC2E911C 08/07 14:17:56.405 | 14:17:56.399 : TSafeMessageObject.InnerPostMessage : Main = WM_NULL
#2660 #3E63225E 08/07 14:17:56.405 | 14:17:56.399 : TSafeMessageObject.InnerPostMessage : DataLoader = WM_QUOTE_SIGNAL
#2660 #5BAFD5F3 08/07 14:17:56.405 | 14:17:56.399 : TSafeMessageObject.InnerPostMessage : CalcDataLoader = WM_NULL
#2660 #3541A7F9 08/07 14:17:56.405 | 14:17:56.399 : TSafeMessageObject.InnerPostMessage : CalcDaemon = WM_ADD_ASSET
#2660 #48085465 08/07 14:17:56.405 | 14:17:56.399 : TSafeMessageObject.InnerPostMessage : TradingRoom = WM_NULL
#2660 #F8908F7D 08/07 14:17:56.405 | 14:17:56.399 : TSafeMessageObject.InnerPostMessage : OtherHandleID = 2232530
#2660 #90296BD5 08/07 14:17:56.405 | 14:17:56.399 : TSafeMessageObject.InnerPostMessage : OtherHandleMsg = WM_SERVER_PENDING_REQUEST
#2660 #0B66470F 08/07 14:17:56.405 | 14:17:56.399 : TSafeMessageObject.InnerPostMessage : OtherThreadID = 8444
#2660 #35B76DA2 08/07 14:17:56.405 | 14:17:56.399 : TSafeMessageObject.InnerPostMessage : OtherThreadMsg = WM_CONNECT
#2660 #DC195EF0 08/07 14:17:56.416 | 14:17:56.414 : TSafeMessageObject.InnerPostMessage (ThreadID=17516) : esvaziamos a lista
#2CBC #AD87E377 08/07 14:35:08.789 | 14:35:08.789 : ********** FirstEntry **********
#2CBC #E046A54F 08/07 14:35:08.789 | 14:35:08.789 : Session Uptime (64-bit)=421 | System Uptime (32-bit)=769213921 | System Uptime (64-bit)=769213921
#2CBC #278CCC91 08/07 14:35:08.789 | 14:35:08.789 : TEventWriter.Execute Started | ThreadID=11452 (#00002CBC)
#31A8 #34F106BB 08/07 14:35:08.789 | 14:35:08.789 : ************************ DLLInitialize (64 bit) 4.0.0.24 **************************
#31A8 #E72AA67D 08/07 14:35:08.789 | 14:35:08.789 : AppendLogMachineDiag ThreadID=21480
#7F50 #3B9ACB70 08/07 14:35:09.191 | 14:35:09.196 : TDataFeedManager       Handle:662536
#7F50 #5D1BE408 08/07 14:35:09.194 | 14:35:09.196 : TInfoClient            Thread:12148 (#00002F74)
#7F50 #4AE14BAE 08/07 14:35:09.194 | 14:35:09.196 : TInfoClient            Creation Completed
#7F50 #65B96873 08/07 14:35:09.226 | 14:35:09.227 : TDataFeedManager       Creation Completed
#7F50 #7D0C1DA7 08/07 14:35:09.279 | 14:35:09.274 : TFilesThread           Thread:11964 (#00002EBC)
#7F50 #4D545540 08/07 14:35:09.288 | 14:35:09.289 : TFilesThread           Creation Completed
#7F50 #02A12D48 08/07 14:35:09.304 | 14:35:09.305 : TTickerInfoManager     Handle:1973692
#7F50 #90E2925B 08/07 14:35:09.304 | 14:35:09.305 : TTickerInfoManager     Creation Completed
#2F74 #0C679C9C 08/07 14:35:09.742 | 14:35:09.743 : TPingManager.TestIpv6Connectivity ThreadID=19356
#7F50 #BD7F11C0 08/07 14:35:09.799 | 14:35:09.789 : THolidayManager        Creation Completed
#7F50 #E6B46542 08/07 14:35:09.802 | 14:35:09.805 : THadesClient           Thread:31036 (#0000793C)
#7F50 #7CB98271 08/07 14:35:09.806 | 14:35:09.805 : THadesClient           Creation Completed
#7F50 #3831F45E 08/07 14:35:09.806 | 14:35:09.805 : TTickerInfoRepoManager       Creation Completed
#7F50 #40A6E7E3 08/07 14:35:09.811 | 14:35:09.805 : TBaseDataLoader            Handle:1055968
#7F50 #F4DFF081 08/07 14:35:09.811 | 14:35:09.805 : TTickerInfoManager     Handle:1052922
#7F50 #EE299C1F 08/07 14:35:09.811 | 14:35:09.805 : TTickerInfoManager     Creation Completed
#7F50 #508D5E14 08/07 14:35:09.826 | 14:35:09.821 : TBaseDataLoader            Creation Completed
#7F50 #2677B3FE 08/07 14:35:09.826 | 14:35:09.821 : TCalcDaemon            Thread:2428 (#0000097C)
#7F50 #17A10A6A 08/07 14:35:09.826 | 14:35:09.821 : THolidayManager        Creation Completed
#7F50 #39B21D6F 08/07 14:35:09.842 | 14:35:09.836 : TCalcDaemon            Creation Completed
#7F50 #28D5D901 08/07 14:35:09.842 | 14:35:09.836 : TDataManager           Creation Completed
#097C #F82E1D04 08/07 14:35:09.913 | 14:35:09.914 : TCalcAdjustManager     Creation Started
#097C #DC75A496 08/07 14:35:09.913 | 14:35:09.914 : TCalcAdjustManager     Creation Completed
#097C #86B74785 08/07 14:35:09.913 | 14:35:09.914 : TDataCheckerDaemon     Thread:1528 (#000005F8)
#097C #A2A3F094 08/07 14:35:09.913 | 14:35:09.914 : TDataCheckerDaemon     Creation Completed
#097C #8A71A3A6 08/07 14:35:09.913 | 14:35:09.914 : TCalcDataLoader        Handle:2493754
#7F50 #C838F65D 08/07 14:35:09.939 | 14:35:09.930 : TRoteamentoManager     Handle:1249272
#097C #0AEEAF20 08/07 14:35:09.939 | 14:35:09.930 : TCalcTickerInfoManager Handle:659778
#097C #600AFB7A 08/07 14:35:09.939 | 14:35:09.930 : TCalcTickerInfoManager Creation Completed
#097C #8484E0CC 08/07 14:35:09.924 | 14:35:09.930 : TCalcDataLoader        Creation Completed
#7F50 #649880C5 08/07 14:35:09.955 | 14:35:09.946 : TWalletManager Handle: 597004
#7F50 #7969D9BB 08/07 14:35:09.942 | 14:35:09.946 : TRoteamentoManager     Creation Completed
#7F50 #9298DE6D 08/07 14:35:09.960 | 14:35:09.961 : TCopyTradingManager Handle: 4460598
#7F50 #643C7083 08/07 14:35:10.116 | 14:35:10.118 : TMercuryClient         Thread:7436 (#00001D0C) ClientIndex:0
#7F50 #18E842EE 08/07 14:35:10.119 | 14:35:10.118 : TMercuryClient         Creation Completed ClientIndex:0
#7F50 #227B5F35 08/07 14:35:10.124 | 14:35:10.118 : TSafeMessageObject.InnerPostMessage : última msg enviada :  CurThreadID=32592 Handle=662536 ThreadID=0 Message=WM_SERVER_PENDING_REQUEST
#7F50 #445F737B 08/07 14:35:10.113 | 14:35:10.118 : TSafeMessageObject.InnerPostMessage : primeira mensagem acumulada : WM_VALID_LICENSE
#7F50 #E7F33BD1 08/07 14:35:10.113 | 14:35:10.118 : TSafeMessageObject.InnerPostMessage : LastSentMessages:
#7F50 #2C6316D7 08/07 14:35:10.113 | 14:35:10.118 : TSafeMessageObject.InnerPostMessage : Main = WM_NULL
#7F50 #FAF3DF85 08/07 14:35:10.128 | 14:35:10.133 : TSafeMessageObject.InnerPostMessage : DataLoader = WM_QUOTE_SIGNAL
#7F50 #E7F6840D 08/07 14:35:10.132 | 14:35:10.133 : TSafeMessageObject.InnerPostMessage : CalcDataLoader = WM_NULL
#7F50 #77AA9720 08/07 14:35:10.132 | 14:35:10.133 : TSafeMessageObject.InnerPostMessage : CalcDaemon = WM_ADD_ASSET
#7F50 #460891E8 08/07 14:35:10.132 | 14:35:10.133 : TSafeMessageObject.InnerPostMessage : TradingRoom = WM_NULL
#7F50 #CA24AA97 08/07 14:35:10.132 | 14:35:10.133 : TSafeMessageObject.InnerPostMessage : OtherHandleID = 662536
#7F50 #724E9354 08/07 14:35:10.132 | 14:35:10.133 : TSafeMessageObject.InnerPostMessage : OtherHandleMsg = WM_SERVER_PENDING_REQUEST
#7F50 #5A80CBBD 08/07 14:35:10.132 | 14:35:10.133 : TSafeMessageObject.InnerPostMessage : OtherThreadID = 31036
#7F50 #E246A532 08/07 14:35:10.132 | 14:35:10.133 : TSafeMessageObject.InnerPostMessage : OtherThreadMsg = WM_CONNECT
#7F50 #C840345E 08/07 14:35:10.148 | 14:35:10.149 : TSafeMessageObject.InnerPostMessage (ThreadID=7436) : esvaziamos a lista
#57E0 #3FEE55AF 08/07 14:40:40.553 | 14:40:40.552 : ********** FirstEntry **********
#57E0 #63776E97 08/07 14:40:40.553 | 14:40:40.552 : Session Uptime (64-bit)=359 | System Uptime (32-bit)=769545687 | System Uptime (64-bit)=769545687
#57E0 #647868B9 08/07 14:40:40.553 | 14:40:40.552 : TEventWriter.Execute Started | ThreadID=22496 (#000057E0)
#4138 #27A19F73 08/07 14:40:40.553 | 14:40:40.552 : ************************ DLLInitialize (64 bit) 4.0.0.24 **************************
#4138 #80F0221A 08/07 14:40:40.554 | 14:40:40.552 : AppendLogMachineDiag ThreadID=14924
#40C8 #54370606 08/07 14:40:40.834 | 14:40:40.833 : TDataFeedManager       Handle:1183848
#40C8 #39048DBE 08/07 14:40:40.850 | 14:40:40.849 : TInfoClient            Thread:3252 (#00000CB4)
#40C8 #B1E3961D 08/07 14:40:40.860 | 14:40:40.849 : TInfoClient            Creation Completed
#40C8 #BE1E0254 08/07 14:40:40.886 | 14:40:40.880 : TDataFeedManager       Creation Completed
#40C8 #04810CB2 08/07 14:40:40.929 | 14:40:40.927 : TFilesThread           Thread:7852 (#00001EAC)
#40C8 #3AB33DB0 08/07 14:40:40.929 | 14:40:40.927 : TFilesThread           Creation Completed
#40C8 #F56464C3 08/07 14:40:40.960 | 14:40:40.958 : TTickerInfoManager     Handle:2497448
#40C8 #7A46BA23 08/07 14:40:40.960 | 14:40:40.958 : TTickerInfoManager     Creation Completed
#0CB4 #7466A464 08/07 14:40:41.335 | 14:40:41.333 : TPingManager.TestIpv6Connectivity ThreadID=15224
#40C8 #C5E40A70 08/07 14:40:41.382 | 14:40:41.380 : THolidayManager        Creation Completed
#40C8 #C0AE5A23 08/07 14:40:41.382 | 14:40:41.380 : THadesClient           Thread:32312 (#00007E38)
#40C8 #C75ADE52 08/07 14:40:41.382 | 14:40:41.380 : THadesClient           Creation Completed
#40C8 #24AA7E99 08/07 14:40:41.382 | 14:40:41.380 : TTickerInfoRepoManager       Creation Completed
#40C8 #376E4536 08/07 14:40:41.397 | 14:40:41.396 : TBaseDataLoader            Handle:1446182
#40C8 #1A68ED92 08/07 14:40:41.397 | 14:40:41.396 : TTickerInfoManager     Handle:2298088
#40C8 #01AEF1EB 08/07 14:40:41.397 | 14:40:41.396 : TTickerInfoManager     Creation Completed
#40C8 #0BB33F3A 08/07 14:40:41.413 | 14:40:41.411 : TBaseDataLoader            Creation Completed
#40C8 #D2BB5153 08/07 14:40:41.413 | 14:40:41.411 : TCalcDaemon            Thread:22888 (#00005968)
#40C8 #5FA14FE9 08/07 14:40:41.413 | 14:40:41.411 : THolidayManager        Creation Completed
#40C8 #DF0F1644 08/07 14:40:41.420 | 14:40:41.411 : TCalcDaemon            Creation Completed
#40C8 #0E0D331B 08/07 14:40:41.420 | 14:40:41.411 : TDataManager           Creation Completed
#5968 #84BD3CB7 08/07 14:40:41.477 | 14:40:41.474 : TCalcAdjustManager     Creation Started
#5968 #37FCACD7 08/07 14:40:41.477 | 14:40:41.474 : TCalcAdjustManager     Creation Completed
#5968 #24FDB28E 08/07 14:40:41.477 | 14:40:41.474 : TDataCheckerDaemon     Thread:33268 (#000081F4)
#5968 #B3F6C800 08/07 14:40:41.477 | 14:40:41.474 : TDataCheckerDaemon     Creation Completed
#5968 #872B041D 08/07 14:40:41.492 | 14:40:41.490 : TCalcDataLoader        Handle:987450
#40C8 #70DE3003 08/07 14:40:41.492 | 14:40:41.490 : TRoteamentoManager     Handle:725052
#5968 #100BEC57 08/07 14:40:41.492 | 14:40:41.490 : TCalcTickerInfoManager Handle:2168354
#5968 #C3AC9761 08/07 14:40:41.492 | 14:40:41.490 : TCalcTickerInfoManager Creation Completed
#5968 #F1B2A14B 08/07 14:40:41.493 | 14:40:41.490 : TCalcDataLoader        Creation Completed
#40C8 #DCBC46C4 08/07 14:40:41.508 | 14:40:41.505 : TWalletManager Handle: 400502
#40C8 #0E36620E 08/07 14:40:41.508 | 14:40:41.505 : TRoteamentoManager     Creation Completed
#40C8 #430556CE 08/07 14:40:41.532 | 14:40:41.521 : TCopyTradingManager Handle: 1514478
#40C8 #CA806704 08/07 14:40:41.660 | 14:40:41.661 : TMercuryClient         Thread:28776 (#00007068) ClientIndex:0
#40C8 #1D33523C 08/07 14:40:41.660 | 14:40:41.661 : TMercuryClient         Creation Completed ClientIndex:0
#40C8 #85635A39 08/07 14:40:41.660 | 14:40:41.661 : TSafeMessageObject.InnerPostMessage : última msg enviada :  CurThreadID=16584 Handle=1183848 ThreadID=0 Message=WM_SERVER_PENDING_REQUEST
#40C8 #594022E3 08/07 14:40:41.660 | 14:40:41.661 : TSafeMessageObject.InnerPostMessage : primeira mensagem acumulada : WM_VALID_LICENSE
#40C8 #21C6E156 08/07 14:40:41.660 | 14:40:41.661 : TSafeMessageObject.InnerPostMessage : LastSentMessages:
#40C8 #0FD1C263 08/07 14:40:41.660 | 14:40:41.661 : TSafeMessageObject.InnerPostMessage : Main = WM_NULL
#40C8 #2A2D0D78 08/07 14:40:41.660 | 14:40:41.661 : TSafeMessageObject.InnerPostMessage : DataLoader = WM_QUOTE_SIGNAL
#40C8 #DAA341D4 08/07 14:40:41.660 | 14:40:41.661 : TSafeMessageObject.InnerPostMessage : CalcDataLoader = WM_NULL
#40C8 #6D7D1F73 08/07 14:40:41.660 | 14:40:41.661 : TSafeMessageObject.InnerPostMessage : CalcDaemon = WM_ADD_ASSET
#40C8 #C937F6EF 08/07 14:40:41.660 | 14:40:41.661 : TSafeMessageObject.InnerPostMessage : TradingRoom = WM_NULL
#40C8 #0DB336CD 08/07 14:40:41.660 | 14:40:41.661 : TSafeMessageObject.InnerPostMessage : OtherHandleID = 1183848
#40C8 #83AD8F33 08/07 14:40:41.660 | 14:40:41.661 : TSafeMessageObject.InnerPostMessage : OtherHandleMsg = WM_SERVER_PENDING_REQUEST
#40C8 #44EFCD97 08/07 14:40:41.660 | 14:40:41.661 : TSafeMessageObject.InnerPostMessage : OtherThreadID = 7852
#40C8 #6EF8BA60 08/07 14:40:41.660 | 14:40:41.661 : TSafeMessageObject.InnerPostMessage : OtherThreadMsg = WM_VERIFY_UPDATE
#40C8 #5DC55B2D 08/07 14:40:41.691 | 14:40:41.693 : TSafeMessageObject.InnerPostMessage (ThreadID=28776) : esvaziamos a lista
#0D50 #EB3274CC 08/07 14:44:52.912 | 14:44:52.912 : ********** FirstEntry **********
#0D50 #279A409B 08/07 14:44:52.912 | 14:44:52.912 : Session Uptime (64-bit)=406 | System Uptime (32-bit)=769798046 | System Uptime (64-bit)=769798046
#0D50 #ED403269 08/07 14:44:52.912 | 14:44:52.912 : TEventWriter.Execute Started | ThreadID=3408 (#00000D50)
#79C0 #165A347F 08/07 14:44:52.912 | 14:44:52.912 : ************************ DLLInitialize (64 bit) 4.0.0.24 **************************
#79C0 #E4DB7B8F 08/07 14:44:52.912 | 14:44:52.912 : AppendLogMachineDiag ThreadID=26676
#1574 #DDD0DB6D 08/07 14:44:53.233 | 14:44:53.225 : TDataFeedManager       Handle:991174
#1574 #74605564 08/07 14:44:53.243 | 14:44:53.241 : TInfoClient            Thread:25204 (#00006274)
#1574 #CE39FE73 08/07 14:44:53.243 | 14:44:53.241 : TInfoClient            Creation Completed
#1574 #E6E1B285 08/07 14:44:53.274 | 14:44:53.272 : TDataFeedManager       Creation Completed
#1574 #53DFE1CE 08/07 14:44:53.351 | 14:44:53.350 : TFilesThread           Thread:27888 (#00006CF0)
#1574 #20A1391D 08/07 14:44:53.351 | 14:44:53.350 : TFilesThread           Creation Completed
#1574 #170271F0 08/07 14:44:53.383 | 14:44:53.381 : TTickerInfoManager     Handle:1317980
#1574 #D07BA093 08/07 14:44:53.383 | 14:44:53.381 : TTickerInfoManager     Creation Completed
#6274 #293C66C0 08/07 14:44:53.788 | 14:44:53.787 : TPingManager.TestIpv6Connectivity ThreadID=29120
#1574 #422514EE 08/07 14:44:53.851 | 14:44:53.850 : THolidayManager        Creation Completed
#1574 #35EBB7B4 08/07 14:44:53.855 | 14:44:53.850 : THadesClient           Thread:11332 (#00002C44)
#1574 #7D044EB5 08/07 14:44:53.857 | 14:44:53.850 : THadesClient           Creation Completed
#1574 #0945880A 08/07 14:44:53.857 | 14:44:53.850 : TTickerInfoRepoManager       Creation Completed
#1574 #27228F39 08/07 14:44:53.866 | 14:44:53.866 : TBaseDataLoader            Handle:597106
#1574 #F6E64416 08/07 14:44:53.881 | 14:44:53.881 : TTickerInfoManager     Handle:1837810
#1574 #11C2C5C8 08/07 14:44:53.881 | 14:44:53.881 : TTickerInfoManager     Creation Completed
#1574 #C5DEBDB0 08/07 14:44:53.892 | 14:44:53.881 : TBaseDataLoader            Creation Completed
#1574 #23142933 08/07 14:44:53.892 | 14:44:53.881 : TCalcDaemon            Thread:32556 (#00007F2C)
#1574 #892B1C16 08/07 14:44:53.892 | 14:44:53.881 : THolidayManager        Creation Completed
#1574 #504AEFA2 08/07 14:44:53.900 | 14:44:53.897 : TCalcDaemon            Creation Completed
#1574 #28F86DBC 08/07 14:44:53.900 | 14:44:53.897 : TDataManager           Creation Completed
#7F2C #3FE3E6AD 08/07 14:44:53.987 | 14:44:53.975 : TCalcAdjustManager     Creation Started
#7F2C #666F31D3 08/07 14:44:53.987 | 14:44:53.975 : TCalcAdjustManager     Creation Completed
#7F2C #E5CE304B 08/07 14:44:53.972 | 14:44:53.975 : TDataCheckerDaemon     Thread:17564 (#0000449C)
#7F2C #7E6EF5DE 08/07 14:44:53.972 | 14:44:53.975 : TDataCheckerDaemon     Creation Completed
#7F2C #C9CDD665 08/07 14:44:53.991 | 14:44:53.991 : TCalcDataLoader        Handle:2166826
#7F2C #7D4963E4 08/07 14:44:54.022 | 14:44:54.022 : TCalcTickerInfoManager Handle:2035708
#7F2C #4F3FF47B 08/07 14:44:54.022 | 14:44:54.022 : TCalcTickerInfoManager Creation Completed
#1574 #0F893D49 08/07 14:44:54.022 | 14:44:54.022 : TRoteamentoManager     Handle:1445944
#7F2C #6772F1F0 08/07 14:44:54.022 | 14:44:54.022 : TCalcDataLoader        Creation Completed
#1574 #0D89EC66 08/07 14:44:54.038 | 14:44:54.037 : TWalletManager Handle: 1708118
#1574 #5B27596D 08/07 14:44:54.038 | 14:44:54.037 : TRoteamentoManager     Creation Completed
#1574 #85C864AA 08/07 14:44:54.054 | 14:44:54.053 : TCopyTradingManager Handle: 2170184
#1574 #687441EC 08/07 14:44:54.211 | 14:44:54.209 : TMercuryClient         Thread:15660 (#00003D2C) ClientIndex:0
#1574 #5B13C206 08/07 14:44:54.210 | 14:44:54.209 : TMercuryClient         Creation Completed ClientIndex:0
#1574 #6BDD9452 08/07 14:44:54.210 | 14:44:54.209 : TSafeMessageObject.InnerPostMessage : última msg enviada :  CurThreadID=5492 Handle=991174 ThreadID=0 Message=WM_SERVER_PENDING_REQUEST
#1574 #372706D5 08/07 14:44:54.210 | 14:44:54.209 : TSafeMessageObject.InnerPostMessage : primeira mensagem acumulada : WM_VALID_LICENSE
#1574 #B0DE677A 08/07 14:44:54.210 | 14:44:54.209 : TSafeMessageObject.InnerPostMessage : LastSentMessages:
#1574 #19846B46 08/07 14:44:54.210 | 14:44:54.209 : TSafeMessageObject.InnerPostMessage : Main = WM_NULL
#1574 #C6F05041 08/07 14:44:54.226 | 14:44:54.225 : TSafeMessageObject.InnerPostMessage : DataLoader = WM_QUOTE_SIGNAL
#1574 #BBBA565A 08/07 14:44:54.226 | 14:44:54.225 : TSafeMessageObject.InnerPostMessage : CalcDataLoader = WM_NULL
#1574 #B34A3E8C 08/07 14:44:54.226 | 14:44:54.225 : TSafeMessageObject.InnerPostMessage : CalcDaemon = WM_ADD_ASSET
#1574 #B9F0C7DE 08/07 14:44:54.226 | 14:44:54.225 : TSafeMessageObject.InnerPostMessage : TradingRoom = WM_NULL
#1574 #B142251C 08/07 14:44:54.226 | 14:44:54.225 : TSafeMessageObject.InnerPostMessage : OtherHandleID = 991174
#1574 #7B4C008C 08/07 14:44:54.226 | 14:44:54.225 : TSafeMessageObject.InnerPostMessage : OtherHandleMsg = WM_SERVER_PENDING_REQUEST
#1574 #F56A992E 08/07 14:44:54.234 | 14:44:54.225 : TSafeMessageObject.InnerPostMessage : OtherThreadID = 11332
#1574 #AADE6DCD 08/07 14:44:54.234 | 14:44:54.225 : TSafeMessageObject.InnerPostMessage : OtherThreadMsg = WM_CONNECT
#1574 #F8F59EDD 08/07 14:44:54.258 | 14:44:54.256 : TSafeMessageObject.InnerPostMessage (ThreadID=15660) : esvaziamos a lista
#2B28 #295F2C86 08/07 14:47:19.916 | 14:47:19.916 : ********** FirstEntry **********
#2B28 #D0FCD158 08/07 14:47:19.916 | 14:47:19.916 : Session Uptime (64-bit)=484 | System Uptime (32-bit)=769945046 | System Uptime (64-bit)=769945046
#2B28 #0D553B01 08/07 14:47:19.916 | 14:47:19.916 : TEventWriter.Execute Started | ThreadID=11048 (#00002B28)
#79E8 #376422E7 08/07 14:47:19.916 | 14:47:19.916 : ************************ DLLInitialize (64 bit) 4.0.0.24 **************************
#79E8 #354C47E0 08/07 14:47:19.916 | 14:47:19.916 : AppendLogMachineDiag ThreadID=12712
#63CC #B3350786 08/07 14:47:20.200 | 14:47:20.198 : TDataFeedManager       Handle:1249344
#63CC #1AD2D723 08/07 14:47:20.219 | 14:47:20.213 : TInfoClient            Thread:18200 (#00004718)
#63CC #1587FD71 08/07 14:47:20.225 | 14:47:20.229 : TInfoClient            Creation Completed
#63CC #EE45F943 08/07 14:47:20.241 | 14:47:20.245 : TDataFeedManager       Creation Completed
#63CC #BB74759C 08/07 14:47:20.366 | 14:47:20.370 : TFilesThread           Thread:12652 (#0000316C)
#63CC #5CCA05CE 08/07 14:47:20.366 | 14:47:20.370 : TFilesThread           Creation Completed
#63CC #82734825 08/07 14:47:20.397 | 14:47:20.401 : TTickerInfoManager     Handle:1250672
#63CC #366C978E 08/07 14:47:20.397 | 14:47:20.401 : TTickerInfoManager     Creation Completed
#4718 #D7B3EFFF 08/07 14:47:20.835 | 14:47:20.838 : TPingManager.TestIpv6Connectivity ThreadID=15184
#63CC #DEE2E071 08/07 14:47:20.884 | 14:47:20.885 : THolidayManager        Creation Completed
#63CC #5553ED3A 08/07 14:47:20.888 | 14:47:20.885 : THadesClient           Thread:2568 (#00000A08)
#63CC #AA24C5F7 08/07 14:47:20.890 | 14:47:20.885 : THadesClient           Creation Completed
#63CC #F0051B28 08/07 14:47:20.890 | 14:47:20.885 : TTickerInfoRepoManager       Creation Completed
#63CC #D759E27C 08/07 14:47:20.905 | 14:47:20.901 : TBaseDataLoader            Handle:3543246
#63CC #4C797349 08/07 14:47:20.921 | 14:47:20.916 : TTickerInfoManager     Handle:921922
#63CC #1C58846D 08/07 14:47:20.921 | 14:47:20.916 : TTickerInfoManager     Creation Completed
#63CC #70FE1321 08/07 14:47:20.921 | 14:47:20.916 : TBaseDataLoader            Creation Completed
#63CC #4D05DE41 08/07 14:47:20.921 | 14:47:20.916 : TCalcDaemon            Thread:20080 (#00004E70)
#63CC #582BE0DE 08/07 14:47:20.921 | 14:47:20.916 : THolidayManager        Creation Completed
#63CC #B8F2BE7E 08/07 14:47:20.937 | 14:47:20.932 : TCalcDaemon            Creation Completed
#63CC #7A221EEE 08/07 14:47:20.937 | 14:47:20.932 : TDataManager           Creation Completed
#4E70 #D5E3D01C 08/07 14:47:21.047 | 14:47:21.041 : TCalcAdjustManager     Creation Started
#4E70 #1BEF1BE7 08/07 14:47:21.047 | 14:47:21.041 : TCalcAdjustManager     Creation Completed
#4E70 #BB075DC5 08/07 14:47:21.047 | 14:47:21.041 : TDataCheckerDaemon     Thread:30232 (#00007618)
#4E70 #BF82EB01 08/07 14:47:21.047 | 14:47:21.041 : TDataCheckerDaemon     Creation Completed
#4E70 #759D3ED7 08/07 14:47:21.063 | 14:47:21.057 : TCalcDataLoader        Handle:1184022
#63CC #A69F310C 08/07 14:47:21.084 | 14:47:21.088 : TRoteamentoManager     Handle:531568
#4E70 #0CC16525 08/07 14:47:21.084 | 14:47:21.088 : TCalcTickerInfoManager Handle:2301372
#4E70 #A3A02876 08/07 14:47:21.084 | 14:47:21.088 : TCalcTickerInfoManager Creation Completed
#4E70 #B78E9027 08/07 14:47:21.100 | 14:47:21.104 : TCalcDataLoader        Creation Completed
#63CC #5C105C88 08/07 14:47:21.116 | 14:47:21.120 : TWalletManager Handle: 2101356
#63CC #23C13A38 08/07 14:47:21.131 | 14:47:21.135 : TRoteamentoManager     Creation Completed
#63CC #0E48B5C5 08/07 14:47:21.147 | 14:47:21.151 : TCopyTradingManager Handle: 1708082
#63CC #DF12D7C3 08/07 14:47:21.290 | 14:47:21.291 : TMercuryClient         Thread:6928 (#00001B10) ClientIndex:0
#63CC #89737BD6 08/07 14:47:21.293 | 14:47:21.291 : TMercuryClient         Creation Completed ClientIndex:0
#63CC #FD417A3C 08/07 14:47:21.285 | 14:47:21.291 : TSafeMessageObject.InnerPostMessage : última msg enviada :  CurThreadID=25548 Handle=1249344 ThreadID=0 Message=WM_SERVER_PENDING_REQUEST
#63CC #466CD89B 08/07 14:47:21.304 | 14:47:21.307 : TSafeMessageObject.InnerPostMessage : primeira mensagem acumulada : WM_VALID_LICENSE
#63CC #01C28293 08/07 14:47:21.304 | 14:47:21.307 : TSafeMessageObject.InnerPostMessage : LastSentMessages:
#63CC #FDAE7F9E 08/07 14:47:21.304 | 14:47:21.307 : TSafeMessageObject.InnerPostMessage : Main = WM_NULL
#63CC #E80F2CBB 08/07 14:47:21.304 | 14:47:21.307 : TSafeMessageObject.InnerPostMessage : DataLoader = WM_QUOTE_SIGNAL
#63CC #A2BBB738 08/07 14:47:21.304 | 14:47:21.307 : TSafeMessageObject.InnerPostMessage : CalcDataLoader = WM_NULL
#63CC #CC443E00 08/07 14:47:21.304 | 14:47:21.307 : TSafeMessageObject.InnerPostMessage : CalcDaemon = WM_ADD_ASSET
#63CC #4340B3F3 08/07 14:47:21.304 | 14:47:21.307 : TSafeMessageObject.InnerPostMessage : TradingRoom = WM_NULL
#63CC #869D9CDC 08/07 14:47:21.304 | 14:47:21.307 : TSafeMessageObject.InnerPostMessage : OtherHandleID = 1249344
#63CC #68F47CCD 08/07 14:47:21.304 | 14:47:21.307 : TSafeMessageObject.InnerPostMessage : OtherHandleMsg = WM_SERVER_PENDING_REQUEST
#63CC #24928B62 08/07 14:47:21.304 | 14:47:21.307 : TSafeMessageObject.InnerPostMessage : OtherThreadID = 2568
#63CC #2DCE69B4 08/07 14:47:21.304 | 14:47:21.307 : TSafeMessageObject.InnerPostMessage : OtherThreadMsg = WM_CONNECT
#63CC #1B1DF67A 08/07 14:47:21.336 | 14:47:21.338 : TSafeMessageObject.InnerPostMessage (ThreadID=6928) : esvaziamos a lista
#3BE4 #DC86AA7C 08/07 14:59:31.764 | 14:59:31.764 : ********** FirstEntry **********
#3BE4 #7E3EB8FD 08/07 14:59:31.764 | 14:59:31.764 : Session Uptime (64-bit)=500 | System Uptime (32-bit)=770676890 | System Uptime (64-bit)=770676890
#3BE4 #88A1F55B 08/07 14:59:31.764 | 14:59:31.764 : TEventWriter.Execute Started | ThreadID=15332 (#00003BE4)
#07BC #529891B5 08/07 14:59:31.764 | 14:59:31.764 : ************************ DLLInitialize (64 bit) 4.0.0.24 **************************
#07BC #1D9B1A8A 08/07 14:59:31.764 | 14:59:31.764 : AppendLogMachineDiag ThreadID=16900
#5120 #F0C20C9E 08/07 14:59:32.188 | 14:59:32.186 : TDataFeedManager       Handle:4327266
#5120 #407C75A7 08/07 14:59:32.210 | 14:59:32.217 : TInfoClient            Thread:20456 (#00004FE8)
#5120 #FCEAEC67 08/07 14:59:32.225 | 14:59:32.233 : TInfoClient            Creation Completed
#5120 #F0769C57 08/07 14:59:32.241 | 14:59:32.249 : TDataFeedManager       Creation Completed
#5120 #BDD8337A 08/07 14:59:32.470 | 14:59:32.467 : TFilesThread           Thread:22008 (#000055F8)
#5120 #08FA3FF8 08/07 14:59:32.471 | 14:59:32.467 : TFilesThread           Creation Completed
#5120 #AD72F2B4 08/07 14:59:32.523 | 14:59:32.530 : TTickerInfoManager     Handle:4919350
#5120 #241CD5C2 08/07 14:59:32.538 | 14:59:32.545 : TTickerInfoManager     Creation Completed
#4FE8 #A7F56AC8 08/07 14:59:33.038 | 14:59:33.045 : TPingManager.TestIpv6Connectivity ThreadID=7000
#5120 #64DEB435 08/07 14:59:33.117 | 14:59:33.124 : THolidayManager        Creation Completed
#5120 #0CE126B7 08/07 14:59:33.120 | 14:59:33.124 : THadesClient           Thread:1852 (#0000073C)
#5120 #798ADC69 08/07 14:59:33.122 | 14:59:33.124 : THadesClient           Creation Completed
#5120 #408D6A0C 08/07 14:59:33.123 | 14:59:33.124 : TTickerInfoRepoManager       Creation Completed
#5120 #8DBF7521 08/07 14:59:33.147 | 14:59:33.155 : TBaseDataLoader            Handle:859152
#5120 #F1A573DD 08/07 14:59:33.179 | 14:59:33.186 : TTickerInfoManager     Handle:1580124
#5120 #6B7CE9FD 08/07 14:59:33.179 | 14:59:33.186 : TTickerInfoManager     Creation Completed
#5120 #2F37B918 08/07 14:59:33.194 | 14:59:33.202 : TBaseDataLoader            Creation Completed
#5120 #C7DE4180 08/07 14:59:33.194 | 14:59:33.202 : TCalcDaemon            Thread:25256 (#000062A8)
#5120 #45BBAD7C 08/07 14:59:33.194 | 14:59:33.202 : THolidayManager        Creation Completed
#5120 #F8469BA5 08/07 14:59:33.194 | 14:59:33.202 : TCalcDaemon            Creation Completed
#5120 #C62B3498 08/07 14:59:33.194 | 14:59:33.202 : TDataManager           Creation Completed
#62A8 #3E62775C 08/07 14:59:33.398 | 14:59:33.405 : TCalcAdjustManager     Creation Started
#62A8 #4B15E58E 08/07 14:59:33.398 | 14:59:33.405 : TCalcAdjustManager     Creation Completed
#62A8 #689745D6 08/07 14:59:33.398 | 14:59:33.405 : TDataCheckerDaemon     Thread:18028 (#0000466C)
#62A8 #A2167A5E 08/07 14:59:33.398 | 14:59:33.405 : TDataCheckerDaemon     Creation Completed
#62A8 #E3DDD6AE 08/07 14:59:33.429 | 14:59:33.436 : TCalcDataLoader        Handle:2298046
#62A8 #085F6ADE 08/07 14:59:33.507 | 14:59:33.514 : TCalcTickerInfoManager Handle:1380414
#62A8 #7050DEC7 08/07 14:59:33.507 | 14:59:33.514 : TCalcTickerInfoManager Creation Completed
#5120 #DEE8B7A4 08/07 14:59:33.507 | 14:59:33.514 : TRoteamentoManager     Handle:1577364
#62A8 #015D0A2A 08/07 14:59:33.507 | 14:59:33.514 : TCalcDataLoader        Creation Completed
#5120 #B1A50230 08/07 14:59:33.549 | 14:59:33.561 : TWalletManager Handle: 1056706
#5120 #B1F4D326 08/07 14:59:33.565 | 14:59:33.577 : TRoteamentoManager     Creation Completed
#5120 #21AA21BC 08/07 14:59:33.586 | 14:59:33.592 : TCopyTradingManager Handle: 1118378
#5120 #691BE5E0 08/07 14:59:33.767 | 14:59:33.764 : TMercuryClient         Thread:29224 (#00007228) ClientIndex:0
#5120 #2887F9D7 08/07 14:59:33.767 | 14:59:33.764 : TMercuryClient         Creation Completed ClientIndex:0
#5120 #47AD776E 08/07 14:59:33.764 | 14:59:33.764 : TSafeMessageObject.InnerPostMessage : última msg enviada :  CurThreadID=20768 Handle=4327266 ThreadID=0 Message=WM_SERVER_PENDING_REQUEST
#5120 #51F5E915 08/07 14:59:33.780 | 14:59:33.780 : TSafeMessageObject.InnerPostMessage : primeira mensagem acumulada : WM_VALID_LICENSE
#5120 #B5DD745A 08/07 14:59:33.780 | 14:59:33.780 : TSafeMessageObject.InnerPostMessage : LastSentMessages:
#5120 #748379F8 08/07 14:59:33.780 | 14:59:33.780 : TSafeMessageObject.InnerPostMessage : Main = WM_NULL
#5120 #49FF5993 08/07 14:59:33.795 | 14:59:33.795 : TSafeMessageObject.InnerPostMessage : DataLoader = WM_ASSET_LASTCLOSE
#5120 #38B1C46D 08/07 14:59:33.795 | 14:59:33.795 : TSafeMessageObject.InnerPostMessage : CalcDataLoader = WM_NULL
#5120 #23C5BEB6 08/07 14:59:33.795 | 14:59:33.795 : TSafeMessageObject.InnerPostMessage : CalcDaemon = WM_ADD_ASSET
#5120 #7E97FDE1 08/07 14:59:33.795 | 14:59:33.795 : TSafeMessageObject.InnerPostMessage : TradingRoom = WM_NULL
#5120 #087D0FEE 08/07 14:59:33.811 | 14:59:33.811 : TSafeMessageObject.InnerPostMessage : OtherHandleID = 4327266
#5120 #9F62EB59 08/07 14:59:33.811 | 14:59:33.811 : TSafeMessageObject.InnerPostMessage : OtherHandleMsg = WM_SERVER_PENDING_REQUEST
#5120 #47CA2564 08/07 14:59:33.811 | 14:59:33.811 : TSafeMessageObject.InnerPostMessage : OtherThreadID = 1852
#5120 #E8E4CACC 08/07 14:59:33.811 | 14:59:33.811 : TSafeMessageObject.InnerPostMessage : OtherThreadMsg = WM_CONNECT
#5120 #6AA70EBE 08/07 14:59:33.858 | 14:59:33.858 : TSafeMessageObject.InnerPostMessage (ThreadID=29224) : esvaziamos a lista
#6E18 #E5F0D1EF 08/07 15:12:48.804 | 15:12:48.804 : ********** FirstEntry **********
#6E18 #AAF9030A 08/07 15:12:48.804 | 15:12:48.804 : Session Uptime (64-bit)=406 | System Uptime (32-bit)=771473937 | System Uptime (64-bit)=771473937
#6E18 #3920F0CB 08/07 15:12:48.804 | 15:12:48.804 : TEventWriter.Execute Started | ThreadID=28184 (#00006E18)
#7078 #BCC19D65 08/07 15:12:48.804 | 15:12:48.804 : ************************ DLLInitialize (64 bit) 4.0.0.24 **************************
#7078 #B3AF3568 08/07 15:12:48.804 | 15:12:48.804 : AppendLogMachineDiag ThreadID=14756
#7918 #36203EB4 08/07 15:12:49.138 | 15:12:49.132 : TDataFeedManager       Handle:1445950
#7918 #D5A9C839 08/07 15:12:49.146 | 15:12:49.148 : TInfoClient            Thread:15488 (#00003C80)
#7918 #D3583C24 08/07 15:12:49.152 | 15:12:49.148 : TInfoClient            Creation Completed
#7918 #275D1DB7 08/07 15:12:49.176 | 15:12:49.179 : TDataFeedManager       Creation Completed
#7918 #8EB43B73 08/07 15:12:49.241 | 15:12:49.242 : TFilesThread           Thread:3712 (#00000E80)
#7918 #DE93A0B4 08/07 15:12:49.241 | 15:12:49.242 : TFilesThread           Creation Completed
#7918 #BD029BFD 08/07 15:12:49.273 | 15:12:49.273 : TTickerInfoManager     Handle:3674318
#7918 #8BBF8194 08/07 15:12:49.273 | 15:12:49.273 : TTickerInfoManager     Creation Completed
#3C80 #3726FFA0 08/07 15:12:49.692 | 15:12:49.695 : TPingManager.TestIpv6Connectivity ThreadID=27672
#7918 #DCAE6C4A 08/07 15:12:49.738 | 15:12:49.742 : THolidayManager        Creation Completed
#7918 #088343B7 08/07 15:12:49.742 | 15:12:49.742 : THadesClient           Thread:17884 (#000045DC)
#7918 #154E6014 08/07 15:12:49.744 | 15:12:49.742 : THadesClient           Creation Completed
#7918 #CF49A075 08/07 15:12:49.744 | 15:12:49.742 : TTickerInfoRepoManager       Creation Completed
#7918 #7CD211FC 08/07 15:12:49.752 | 15:12:49.742 : TBaseDataLoader            Handle:3022684
#7918 #CA67CBE8 08/07 15:12:49.762 | 15:12:49.757 : TTickerInfoManager     Handle:1187778
#7918 #12F3E894 08/07 15:12:49.762 | 15:12:49.757 : TTickerInfoManager     Creation Completed
#7918 #F2B4BCDF 08/07 15:12:49.784 | 15:12:49.788 : TBaseDataLoader            Creation Completed
#7918 #864A2027 08/07 15:12:49.800 | 15:12:49.804 : TCalcDaemon            Thread:20540 (#0000503C)
#7918 #AB24B31C 08/07 15:12:49.800 | 15:12:49.804 : THolidayManager        Creation Completed
#7918 #0B88AE0F 08/07 15:12:49.811 | 15:12:49.804 : TCalcDaemon            Creation Completed
#7918 #0781483D 08/07 15:12:49.811 | 15:12:49.804 : TDataManager           Creation Completed
#503C #39EC394D 08/07 15:12:49.858 | 15:12:49.851 : TCalcAdjustManager     Creation Started
#503C #BF728B7A 08/07 15:12:49.858 | 15:12:49.851 : TCalcAdjustManager     Creation Completed
#503C #44FE02E6 08/07 15:12:49.858 | 15:12:49.851 : TDataCheckerDaemon     Thread:23804 (#00005CFC)
#503C #F23D8423 08/07 15:12:49.858 | 15:12:49.851 : TDataCheckerDaemon     Creation Completed
#503C #1BA599A3 08/07 15:12:49.874 | 15:12:49.867 : TCalcDataLoader        Handle:2233642
#7918 #AA1471D3 08/07 15:12:49.890 | 15:12:49.882 : TRoteamentoManager     Handle:3018792
#503C #92A2CD93 08/07 15:12:49.890 | 15:12:49.882 : TCalcTickerInfoManager Handle:2556618
#503C #6FD3045B 08/07 15:12:49.890 | 15:12:49.882 : TCalcTickerInfoManager Creation Completed
#503C #3D924963 08/07 15:12:49.890 | 15:12:49.882 : TCalcDataLoader        Creation Completed
#7918 #23FC0A34 08/07 15:12:49.906 | 15:12:49.898 : TWalletManager Handle: 923178
#7918 #30822418 08/07 15:12:49.906 | 15:12:49.898 : TRoteamentoManager     Creation Completed
#7918 #13FB01AB 08/07 15:12:49.906 | 15:12:49.898 : TCopyTradingManager Handle: 727960
#7918 #A1778984 08/07 15:12:50.044 | 15:12:50.038 : TMercuryClient         Thread:408 (#00000198) ClientIndex:0
#7918 #347C06E5 08/07 15:12:50.044 | 15:12:50.038 : TMercuryClient         Creation Completed ClientIndex:0
#7918 #2000FE98 08/07 15:12:50.044 | 15:12:50.038 : TSafeMessageObject.InnerPostMessage : última msg enviada :  CurThreadID=31000 Handle=1445950 ThreadID=0 Message=WM_SERVER_PENDING_REQUEST
#7918 #234A28D0 08/07 15:12:50.044 | 15:12:50.038 : TSafeMessageObject.InnerPostMessage : primeira mensagem acumulada : WM_VALID_LICENSE
#7918 #4A98E65B 08/07 15:12:50.044 | 15:12:50.038 : TSafeMessageObject.InnerPostMessage : LastSentMessages:
#7918 #C4FFD62F 08/07 15:12:50.044 | 15:12:50.038 : TSafeMessageObject.InnerPostMessage : Main = WM_NULL
#7918 #D5850601 08/07 15:12:50.043 | 15:12:50.038 : TSafeMessageObject.InnerPostMessage : DataLoader = WM_QUOTE_SIGNAL
#7918 #54336BAA 08/07 15:12:50.043 | 15:12:50.038 : TSafeMessageObject.InnerPostMessage : CalcDataLoader = WM_NULL
#7918 #D5659187 08/07 15:12:50.043 | 15:12:50.038 : TSafeMessageObject.InnerPostMessage : CalcDaemon = WM_ADD_ASSET
#7918 #C5B79C39 08/07 15:12:50.043 | 15:12:50.038 : TSafeMessageObject.InnerPostMessage : TradingRoom = WM_NULL
#7918 #436C110B 08/07 15:12:50.059 | 15:12:50.054 : TSafeMessageObject.InnerPostMessage : OtherHandleID = 1445950
#7918 #84B28D30 08/07 15:12:50.059 | 15:12:50.054 : TSafeMessageObject.InnerPostMessage : OtherHandleMsg = WM_SERVER_PENDING_REQUEST
#7918 #EBC3FE10 08/07 15:12:50.059 | 15:12:50.054 : TSafeMessageObject.InnerPostMessage : OtherThreadID = 3712
#7918 #652D92ED 08/07 15:12:50.059 | 15:12:50.054 : TSafeMessageObject.InnerPostMessage : OtherThreadMsg = WM_VERIFY_UPDATE
#7918 #B3FC0309 08/07 15:12:50.075 | 15:12:50.070 : TSafeMessageObject.InnerPostMessage (ThreadID=408) : esvaziamos a lista
